ARM GAS  C:\Users\Admin\AppData\Local\Temp\ccP2VpIb.s 			page 1


   1              		.syntax unified
   2              		.cpu cortex-m0
   3              		.fpu softvfp
   4              		.eabi_attribute 20, 1
   5              		.eabi_attribute 21, 1
   6              		.eabi_attribute 23, 3
   7              		.eabi_attribute 24, 1
   8              		.eabi_attribute 25, 1
   9              		.eabi_attribute 26, 1
  10              		.eabi_attribute 30, 6
  11              		.eabi_attribute 34, 0
  12              		.eabi_attribute 18, 4
  13              		.thumb
  14              		.syntax unified
  15              		.file	"BLE_1_custom.c"
  16              		.text
  17              	.Ltext0:
  18              		.cfi_sections	.debug_frame
  19              		.global	cyBle_customs
  20              		.section	.rodata
  21              		.align	2
  22              		.type	cyBle_customs, %object
  23              		.size	cyBle_customs, 6
  24              	cyBle_customs:
  25 0000 0C00     		.short	12
  26 0002 0E00     		.short	14
  27 0004 0000     		.short	0
  28              		.section	.text.CyBle_CustomInit,"ax",%progbits
  29              		.align	2
  30              		.global	CyBle_CustomInit
  31              		.code	16
  32              		.thumb_func
  33              		.type	CyBle_CustomInit, %function
  34              	CyBle_CustomInit:
  35              	.LFB2:
  36              		.file 1 "Generated_Source\\PSoC4\\BLE_1_custom.c"
   1:Generated_Source\PSoC4/BLE_1_custom.c **** /***************************************************************************//**
   2:Generated_Source\PSoC4/BLE_1_custom.c **** * \file CYBLE_custom.c
   3:Generated_Source\PSoC4/BLE_1_custom.c **** * \version 3.66
   4:Generated_Source\PSoC4/BLE_1_custom.c **** * 
   5:Generated_Source\PSoC4/BLE_1_custom.c **** * \brief
   6:Generated_Source\PSoC4/BLE_1_custom.c **** *  Contains the source code for the Custom Service.
   7:Generated_Source\PSoC4/BLE_1_custom.c **** * 
   8:Generated_Source\PSoC4/BLE_1_custom.c **** ********************************************************************************
   9:Generated_Source\PSoC4/BLE_1_custom.c **** * \copyright
  10:Generated_Source\PSoC4/BLE_1_custom.c **** * Copyright 2014-2020, Cypress Semiconductor Corporation.  All rights reserved.
  11:Generated_Source\PSoC4/BLE_1_custom.c **** * You may use this file only in accordance with the license, terms, conditions,
  12:Generated_Source\PSoC4/BLE_1_custom.c **** * disclaimers, and limitations in the end user license agreement accompanying
  13:Generated_Source\PSoC4/BLE_1_custom.c **** * the software package with which this file was provided.
  14:Generated_Source\PSoC4/BLE_1_custom.c **** *******************************************************************************/
  15:Generated_Source\PSoC4/BLE_1_custom.c **** 
  16:Generated_Source\PSoC4/BLE_1_custom.c **** 
  17:Generated_Source\PSoC4/BLE_1_custom.c **** #include "BLE_1_eventHandler.h"
  18:Generated_Source\PSoC4/BLE_1_custom.c **** 
  19:Generated_Source\PSoC4/BLE_1_custom.c **** #ifdef CYBLE_CUSTOM_SERVER
  20:Generated_Source\PSoC4/BLE_1_custom.c **** 
  21:Generated_Source\PSoC4/BLE_1_custom.c **** /* If any custom service with custom characteristics is defined in the
ARM GAS  C:\Users\Admin\AppData\Local\Temp\ccP2VpIb.s 			page 2


  22:Generated_Source\PSoC4/BLE_1_custom.c **** * customizer's GUI their handles will be present in this array.
  23:Generated_Source\PSoC4/BLE_1_custom.c **** */
  24:Generated_Source\PSoC4/BLE_1_custom.c **** /* This array contains attribute handles for the defined Custom Services and their characteristics 
  25:Generated_Source\PSoC4/BLE_1_custom.c ****    The array index definitions are located in the CYBLE_custom.h file. */
  26:Generated_Source\PSoC4/BLE_1_custom.c **** const CYBLE_CUSTOMS_T cyBle_customs[0x01u] = {
  27:Generated_Source\PSoC4/BLE_1_custom.c **** 
  28:Generated_Source\PSoC4/BLE_1_custom.c ****     /* Custom Service service */
  29:Generated_Source\PSoC4/BLE_1_custom.c ****     {
  30:Generated_Source\PSoC4/BLE_1_custom.c ****         0x000Cu, /* Handle of the Custom Service service */ 
  31:Generated_Source\PSoC4/BLE_1_custom.c ****         {
  32:Generated_Source\PSoC4/BLE_1_custom.c **** 
  33:Generated_Source\PSoC4/BLE_1_custom.c ****             /* Custom Characteristic characteristic */
  34:Generated_Source\PSoC4/BLE_1_custom.c ****             {
  35:Generated_Source\PSoC4/BLE_1_custom.c ****                 0x000Eu, /* Handle of the Custom Characteristic characteristic */ 
  36:Generated_Source\PSoC4/BLE_1_custom.c ****                 
  37:Generated_Source\PSoC4/BLE_1_custom.c ****                 /* Array of Descriptors handles */
  38:Generated_Source\PSoC4/BLE_1_custom.c ****                 {
  39:Generated_Source\PSoC4/BLE_1_custom.c ****                     CYBLE_GATT_INVALID_ATTR_HANDLE_VALUE, 
  40:Generated_Source\PSoC4/BLE_1_custom.c ****                 }, 
  41:Generated_Source\PSoC4/BLE_1_custom.c ****             },
  42:Generated_Source\PSoC4/BLE_1_custom.c ****         }, 
  43:Generated_Source\PSoC4/BLE_1_custom.c ****     },
  44:Generated_Source\PSoC4/BLE_1_custom.c **** };
  45:Generated_Source\PSoC4/BLE_1_custom.c **** 
  46:Generated_Source\PSoC4/BLE_1_custom.c **** 
  47:Generated_Source\PSoC4/BLE_1_custom.c **** #endif /* (CYBLE_CUSTOM_SERVER) */
  48:Generated_Source\PSoC4/BLE_1_custom.c **** 
  49:Generated_Source\PSoC4/BLE_1_custom.c **** #ifdef CYBLE_CUSTOM_CLIENT
  50:Generated_Source\PSoC4/BLE_1_custom.c ****     
  51:Generated_Source\PSoC4/BLE_1_custom.c **** 
  52:Generated_Source\PSoC4/BLE_1_custom.c **** static uint16 cyBle_customDisServIndex;
  53:Generated_Source\PSoC4/BLE_1_custom.c **** static uint16 cyBle_customDisCharIndex;
  54:Generated_Source\PSoC4/BLE_1_custom.c **** 
  55:Generated_Source\PSoC4/BLE_1_custom.c **** #endif /* (CYBLE_CUSTOM_CLIENT) */
  56:Generated_Source\PSoC4/BLE_1_custom.c **** 
  57:Generated_Source\PSoC4/BLE_1_custom.c **** 
  58:Generated_Source\PSoC4/BLE_1_custom.c **** /****************************************************************************** 
  59:Generated_Source\PSoC4/BLE_1_custom.c **** * Function Name: CyBle_CustomInit
  60:Generated_Source\PSoC4/BLE_1_custom.c **** ***************************************************************************//**
  61:Generated_Source\PSoC4/BLE_1_custom.c **** * 
  62:Generated_Source\PSoC4/BLE_1_custom.c **** *  This function initializes Custom Service.
  63:Generated_Source\PSoC4/BLE_1_custom.c **** * 
  64:Generated_Source\PSoC4/BLE_1_custom.c **** * \return
  65:Generated_Source\PSoC4/BLE_1_custom.c **** *  None
  66:Generated_Source\PSoC4/BLE_1_custom.c **** * 
  67:Generated_Source\PSoC4/BLE_1_custom.c **** ******************************************************************************/
  68:Generated_Source\PSoC4/BLE_1_custom.c **** void CyBle_CustomInit(void)
  69:Generated_Source\PSoC4/BLE_1_custom.c **** {
  37              		.loc 1 69 0
  38              		.cfi_startproc
  39              		@ args = 0, pretend = 0, frame = 0
  40              		@ frame_needed = 1, uses_anonymous_args = 0
  41 0000 80B5     		push	{r7, lr}
  42              		.cfi_def_cfa_offset 8
  43              		.cfi_offset 7, -8
  44              		.cfi_offset 14, -4
  45 0002 00AF     		add	r7, sp, #0
ARM GAS  C:\Users\Admin\AppData\Local\Temp\ccP2VpIb.s 			page 3


  46              		.cfi_def_cfa_register 7
  70:Generated_Source\PSoC4/BLE_1_custom.c ****     
  71:Generated_Source\PSoC4/BLE_1_custom.c **** #ifdef CYBLE_CUSTOM_CLIENT
  72:Generated_Source\PSoC4/BLE_1_custom.c **** 
  73:Generated_Source\PSoC4/BLE_1_custom.c ****     uint16 locServIndex;
  74:Generated_Source\PSoC4/BLE_1_custom.c ****     uint16 locCharIndex;
  75:Generated_Source\PSoC4/BLE_1_custom.c ****     uint16 locDescIndex;
  76:Generated_Source\PSoC4/BLE_1_custom.c ****     
  77:Generated_Source\PSoC4/BLE_1_custom.c ****     for(locServIndex = 0u; locServIndex < CYBLE_CUSTOMC_SERVICE_COUNT; locServIndex++)
  78:Generated_Source\PSoC4/BLE_1_custom.c ****     {
  79:Generated_Source\PSoC4/BLE_1_custom.c ****         if(cyBle_serverInfo[CYBLE_SRVI_CUSTOMS + locServIndex].range.startHandle == CYBLE_GATT_INVA
  80:Generated_Source\PSoC4/BLE_1_custom.c ****         {
  81:Generated_Source\PSoC4/BLE_1_custom.c ****             for(locCharIndex = 0u; locCharIndex < cyBle_customCServ[locServIndex].charCount; locCha
  82:Generated_Source\PSoC4/BLE_1_custom.c ****             {
  83:Generated_Source\PSoC4/BLE_1_custom.c ****                 cyBle_customCServ[locServIndex].customServChar[locCharIndex].
  84:Generated_Source\PSoC4/BLE_1_custom.c ****                     customServCharHandle = 0u;
  85:Generated_Source\PSoC4/BLE_1_custom.c ****                 
  86:Generated_Source\PSoC4/BLE_1_custom.c ****                 for(locDescIndex = 0u; locDescIndex < 
  87:Generated_Source\PSoC4/BLE_1_custom.c ****                     cyBle_customCServ[locServIndex].customServChar[locCharIndex].descCount; 
  88:Generated_Source\PSoC4/BLE_1_custom.c ****                         locDescIndex++)
  89:Generated_Source\PSoC4/BLE_1_custom.c ****                 {
  90:Generated_Source\PSoC4/BLE_1_custom.c ****                     cyBle_customCServ[locServIndex].customServChar[locCharIndex].
  91:Generated_Source\PSoC4/BLE_1_custom.c ****                         customServCharDesc[locDescIndex].descHandle = 0u;
  92:Generated_Source\PSoC4/BLE_1_custom.c ****                 }
  93:Generated_Source\PSoC4/BLE_1_custom.c ****             }
  94:Generated_Source\PSoC4/BLE_1_custom.c ****         }
  95:Generated_Source\PSoC4/BLE_1_custom.c ****     }
  96:Generated_Source\PSoC4/BLE_1_custom.c **** 
  97:Generated_Source\PSoC4/BLE_1_custom.c **** #endif /* (CYBLE_CUSTOM_CLIENT) */
  98:Generated_Source\PSoC4/BLE_1_custom.c **** }
  47              		.loc 1 98 0
  48 0004 C046     		nop
  49 0006 BD46     		mov	sp, r7
  50              		@ sp needed
  51 0008 80BD     		pop	{r7, pc}
  52              		.cfi_endproc
  53              	.LFE2:
  54              		.size	CyBle_CustomInit, .-CyBle_CustomInit
  55 000a C046     		.text
  56              	.Letext0:
  57              		.file 2 "Generated_Source\\PSoC4\\cytypes.h"
  58              		.file 3 "Generated_Source\\PSoC4\\BLE_1_StackGatt.h"
  59              		.file 4 "Generated_Source\\PSoC4\\BLE_1_custom.h"
  60              		.file 5 "Generated_Source\\PSoC4\\BLE_1_Stack.h"
  61              		.section	.debug_info,"",%progbits
  62              	.Ldebug_info0:
  63 0000 15030000 		.4byte	0x315
  64 0004 0400     		.2byte	0x4
  65 0006 00000000 		.4byte	.Ldebug_abbrev0
  66 000a 04       		.byte	0x4
  67 000b 01       		.uleb128 0x1
  68 000c 10040000 		.4byte	.LASF94
  69 0010 0C       		.byte	0xc
  70 0011 3F020000 		.4byte	.LASF95
  71 0015 7B070000 		.4byte	.LASF96
  72 0019 00000000 		.4byte	.Ldebug_ranges0+0
  73 001d 00000000 		.4byte	0
ARM GAS  C:\Users\Admin\AppData\Local\Temp\ccP2VpIb.s 			page 4


  74 0021 00000000 		.4byte	.Ldebug_line0
  75 0025 02       		.uleb128 0x2
  76 0026 01       		.byte	0x1
  77 0027 06       		.byte	0x6
  78 0028 9B050000 		.4byte	.LASF0
  79 002c 02       		.uleb128 0x2
  80 002d 01       		.byte	0x1
  81 002e 08       		.byte	0x8
  82 002f 22050000 		.4byte	.LASF1
  83 0033 02       		.uleb128 0x2
  84 0034 02       		.byte	0x2
  85 0035 05       		.byte	0x5
  86 0036 B7000000 		.4byte	.LASF2
  87 003a 02       		.uleb128 0x2
  88 003b 02       		.byte	0x2
  89 003c 07       		.byte	0x7
  90 003d 5E080000 		.4byte	.LASF3
  91 0041 02       		.uleb128 0x2
  92 0042 04       		.byte	0x4
  93 0043 05       		.byte	0x5
  94 0044 3C030000 		.4byte	.LASF4
  95 0048 02       		.uleb128 0x2
  96 0049 04       		.byte	0x4
  97 004a 07       		.byte	0x7
  98 004b 2C060000 		.4byte	.LASF5
  99 004f 02       		.uleb128 0x2
 100 0050 08       		.byte	0x8
 101 0051 05       		.byte	0x5
 102 0052 23010000 		.4byte	.LASF6
 103 0056 02       		.uleb128 0x2
 104 0057 08       		.byte	0x8
 105 0058 07       		.byte	0x7
 106 0059 EF020000 		.4byte	.LASF7
 107 005d 03       		.uleb128 0x3
 108 005e 04       		.byte	0x4
 109 005f 05       		.byte	0x5
 110 0060 696E7400 		.ascii	"int\000"
 111 0064 02       		.uleb128 0x2
 112 0065 04       		.byte	0x4
 113 0066 07       		.byte	0x7
 114 0067 04060000 		.4byte	.LASF8
 115 006b 04       		.uleb128 0x4
 116 006c CE010000 		.4byte	.LASF86
 117 0070 02       		.byte	0x2
 118 0071 FC01     		.2byte	0x1fc
 119 0073 3A000000 		.4byte	0x3a
 120 0077 02       		.uleb128 0x2
 121 0078 04       		.byte	0x4
 122 0079 04       		.byte	0x4
 123 007a 86020000 		.4byte	.LASF9
 124 007e 02       		.uleb128 0x2
 125 007f 08       		.byte	0x8
 126 0080 04       		.byte	0x4
 127 0081 F0080000 		.4byte	.LASF10
 128 0085 02       		.uleb128 0x2
 129 0086 01       		.byte	0x1
 130 0087 08       		.byte	0x8
ARM GAS  C:\Users\Admin\AppData\Local\Temp\ccP2VpIb.s 			page 5


 131 0088 5A070000 		.4byte	.LASF11
 132 008c 02       		.uleb128 0x2
 133 008d 08       		.byte	0x8
 134 008e 04       		.byte	0x4
 135 008f F0040000 		.4byte	.LASF12
 136 0093 02       		.uleb128 0x2
 137 0094 04       		.byte	0x4
 138 0095 07       		.byte	0x7
 139 0096 F9000000 		.4byte	.LASF13
 140 009a 05       		.uleb128 0x5
 141 009b 01       		.byte	0x1
 142 009c 2C000000 		.4byte	0x2c
 143 00a0 05       		.byte	0x5
 144 00a1 3501     		.2byte	0x135
 145 00a3 58020000 		.4byte	0x258
 146 00a7 06       		.uleb128 0x6
 147 00a8 28020000 		.4byte	.LASF14
 148 00ac 00       		.byte	0
 149 00ad 06       		.uleb128 0x6
 150 00ae 68010000 		.4byte	.LASF15
 151 00b2 01       		.byte	0x1
 152 00b3 06       		.uleb128 0x6
 153 00b4 700A0000 		.4byte	.LASF16
 154 00b8 02       		.byte	0x2
 155 00b9 06       		.uleb128 0x6
 156 00ba 4C090000 		.4byte	.LASF17
 157 00be 03       		.byte	0x3
 158 00bf 06       		.uleb128 0x6
 159 00c0 42010000 		.4byte	.LASF18
 160 00c4 04       		.byte	0x4
 161 00c5 06       		.uleb128 0x6
 162 00c6 CE030000 		.4byte	.LASF19
 163 00ca 05       		.byte	0x5
 164 00cb 06       		.uleb128 0x6
 165 00cc 3E000000 		.4byte	.LASF20
 166 00d0 06       		.byte	0x6
 167 00d1 06       		.uleb128 0x6
 168 00d2 1C080000 		.4byte	.LASF21
 169 00d6 20       		.byte	0x20
 170 00d7 06       		.uleb128 0x6
 171 00d8 3E060000 		.4byte	.LASF22
 172 00dc 21       		.byte	0x21
 173 00dd 06       		.uleb128 0x6
 174 00de 00000000 		.4byte	.LASF23
 175 00e2 22       		.byte	0x22
 176 00e3 06       		.uleb128 0x6
 177 00e4 EA030000 		.4byte	.LASF24
 178 00e8 23       		.byte	0x23
 179 00e9 06       		.uleb128 0x6
 180 00ea E8050000 		.4byte	.LASF25
 181 00ee 24       		.byte	0x24
 182 00ef 06       		.uleb128 0x6
 183 00f0 C1000000 		.4byte	.LASF26
 184 00f4 25       		.byte	0x25
 185 00f5 06       		.uleb128 0x6
 186 00f6 85030000 		.4byte	.LASF27
 187 00fa 26       		.byte	0x26
ARM GAS  C:\Users\Admin\AppData\Local\Temp\ccP2VpIb.s 			page 6


 188 00fb 06       		.uleb128 0x6
 189 00fc 66030000 		.4byte	.LASF28
 190 0100 27       		.byte	0x27
 191 0101 06       		.uleb128 0x6
 192 0102 71000000 		.4byte	.LASF29
 193 0106 28       		.byte	0x28
 194 0107 06       		.uleb128 0x6
 195 0108 76060000 		.4byte	.LASF30
 196 010c 29       		.byte	0x29
 197 010d 06       		.uleb128 0x6
 198 010e 0A070000 		.4byte	.LASF31
 199 0112 2A       		.byte	0x2a
 200 0113 06       		.uleb128 0x6
 201 0114 90080000 		.4byte	.LASF32
 202 0118 2B       		.byte	0x2b
 203 0119 06       		.uleb128 0x6
 204 011a CE060000 		.4byte	.LASF33
 205 011e 2C       		.byte	0x2c
 206 011f 06       		.uleb128 0x6
 207 0120 A5020000 		.4byte	.LASF34
 208 0124 2D       		.byte	0x2d
 209 0125 06       		.uleb128 0x6
 210 0126 93000000 		.4byte	.LASF35
 211 012a 2E       		.byte	0x2e
 212 012b 06       		.uleb128 0x6
 213 012c 5A0B0000 		.4byte	.LASF36
 214 0130 2F       		.byte	0x2f
 215 0131 06       		.uleb128 0x6
 216 0132 02010000 		.4byte	.LASF37
 217 0136 30       		.byte	0x30
 218 0137 06       		.uleb128 0x6
 219 0138 CC040000 		.4byte	.LASF38
 220 013c 31       		.byte	0x31
 221 013d 06       		.uleb128 0x6
 222 013e CE020000 		.4byte	.LASF39
 223 0142 32       		.byte	0x32
 224 0143 06       		.uleb128 0x6
 225 0144 33070000 		.4byte	.LASF40
 226 0148 33       		.byte	0x33
 227 0149 06       		.uleb128 0x6
 228 014a 93060000 		.4byte	.LASF41
 229 014e 34       		.byte	0x34
 230 014f 06       		.uleb128 0x6
 231 0150 2F090000 		.4byte	.LASF42
 232 0154 35       		.byte	0x35
 233 0155 06       		.uleb128 0x6
 234 0156 1B030000 		.4byte	.LASF43
 235 015a 36       		.byte	0x36
 236 015b 06       		.uleb128 0x6
 237 015c 7B010000 		.4byte	.LASF44
 238 0160 37       		.byte	0x37
 239 0161 06       		.uleb128 0x6
 240 0162 57000000 		.4byte	.LASF45
 241 0166 40       		.byte	0x40
 242 0167 06       		.uleb128 0x6
 243 0168 11060000 		.4byte	.LASF46
 244 016c 41       		.byte	0x41
ARM GAS  C:\Users\Admin\AppData\Local\Temp\ccP2VpIb.s 			page 7


 245 016d 06       		.uleb128 0x6
 246 016e DB000000 		.4byte	.LASF47
 247 0172 42       		.byte	0x42
 248 0173 06       		.uleb128 0x6
 249 0174 B0010000 		.4byte	.LASF48
 250 0178 43       		.byte	0x43
 251 0179 06       		.uleb128 0x6
 252 017a 2E0A0000 		.4byte	.LASF49
 253 017e 44       		.byte	0x44
 254 017f 06       		.uleb128 0x6
 255 0180 C8090000 		.4byte	.LASF50
 256 0184 45       		.byte	0x45
 257 0185 06       		.uleb128 0x6
 258 0186 0D0A0000 		.4byte	.LASF51
 259 018a 46       		.byte	0x46
 260 018b 06       		.uleb128 0x6
 261 018c 7D050000 		.4byte	.LASF52
 262 0190 47       		.byte	0x47
 263 0191 06       		.uleb128 0x6
 264 0192 C1050000 		.4byte	.LASF53
 265 0196 48       		.byte	0x48
 266 0197 06       		.uleb128 0x6
 267 0198 8C020000 		.4byte	.LASF54
 268 019c 49       		.byte	0x49
 269 019d 06       		.uleb128 0x6
 270 019e 40080000 		.4byte	.LASF55
 271 01a2 4A       		.byte	0x4a
 272 01a3 06       		.uleb128 0x6
 273 01a4 E8010000 		.4byte	.LASF56
 274 01a8 4B       		.byte	0x4b
 275 01a9 06       		.uleb128 0x6
 276 01aa A7050000 		.4byte	.LASF57
 277 01ae 4C       		.byte	0x4c
 278 01af 06       		.uleb128 0x6
 279 01b0 24000000 		.4byte	.LASF58
 280 01b4 4D       		.byte	0x4d
 281 01b5 06       		.uleb128 0x6
 282 01b6 EF090000 		.4byte	.LASF59
 283 01ba 4E       		.byte	0x4e
 284 01bb 06       		.uleb128 0x6
 285 01bc 3F050000 		.4byte	.LASF60
 286 01c0 4F       		.byte	0x4f
 287 01c1 06       		.uleb128 0x6
 288 01c2 DB0A0000 		.4byte	.LASF61
 289 01c6 50       		.byte	0x50
 290 01c7 06       		.uleb128 0x6
 291 01c8 71080000 		.4byte	.LASF62
 292 01cc 51       		.byte	0x51
 293 01cd 06       		.uleb128 0x6
 294 01ce AD030000 		.4byte	.LASF63
 295 01d2 52       		.byte	0x52
 296 01d3 06       		.uleb128 0x6
 297 01d4 45030000 		.4byte	.LASF64
 298 01d8 53       		.byte	0x53
 299 01d9 06       		.uleb128 0x6
 300 01da 07020000 		.4byte	.LASF65
 301 01de 54       		.byte	0x54
ARM GAS  C:\Users\Admin\AppData\Local\Temp\ccP2VpIb.s 			page 8


 302 01df 06       		.uleb128 0x6
 303 01e0 240B0000 		.4byte	.LASF66
 304 01e4 55       		.byte	0x55
 305 01e5 06       		.uleb128 0x6
 306 01e6 B90A0000 		.4byte	.LASF67
 307 01ea 56       		.byte	0x56
 308 01eb 06       		.uleb128 0x6
 309 01ec 900A0000 		.4byte	.LASF68
 310 01f0 57       		.byte	0x57
 311 01f1 06       		.uleb128 0x6
 312 01f2 AB060000 		.4byte	.LASF69
 313 01f6 58       		.byte	0x58
 314 01f7 06       		.uleb128 0x6
 315 01f8 FC040000 		.4byte	.LASF70
 316 01fc 70       		.byte	0x70
 317 01fd 06       		.uleb128 0x6
 318 01fe 84090000 		.4byte	.LASF71
 319 0202 71       		.byte	0x71
 320 0203 06       		.uleb128 0x6
 321 0204 5F070000 		.4byte	.LASF72
 322 0208 72       		.byte	0x72
 323 0209 06       		.uleb128 0x6
 324 020a AA090000 		.4byte	.LASF73
 325 020e 73       		.byte	0x73
 326 020f 06       		.uleb128 0x6
 327 0210 AE040000 		.4byte	.LASF74
 328 0214 74       		.byte	0x74
 329 0215 06       		.uleb128 0x6
 330 0216 55060000 		.4byte	.LASF75
 331 021a 75       		.byte	0x75
 332 021b 06       		.uleb128 0x6
 333 021c 65020000 		.4byte	.LASF76
 334 0220 76       		.byte	0x76
 335 0221 06       		.uleb128 0x6
 336 0222 65090000 		.4byte	.LASF77
 337 0226 77       		.byte	0x77
 338 0227 06       		.uleb128 0x6
 339 0228 CD080000 		.4byte	.LASF78
 340 022c 78       		.byte	0x78
 341 022d 06       		.uleb128 0x6
 342 022e F7080000 		.4byte	.LASF79
 343 0232 79       		.byte	0x79
 344 0233 06       		.uleb128 0x6
 345 0234 4C0A0000 		.4byte	.LASF80
 346 0238 7A       		.byte	0x7a
 347 0239 06       		.uleb128 0x6
 348 023a AF080000 		.4byte	.LASF81
 349 023e FA       		.byte	0xfa
 350 023f 06       		.uleb128 0x6
 351 0240 5E050000 		.4byte	.LASF82
 352 0244 FB       		.byte	0xfb
 353 0245 06       		.uleb128 0x6
 354 0246 480B0000 		.4byte	.LASF83
 355 024a FC       		.byte	0xfc
 356 024b 06       		.uleb128 0x6
 357 024c F2060000 		.4byte	.LASF84
 358 0250 FD       		.byte	0xfd
ARM GAS  C:\Users\Admin\AppData\Local\Temp\ccP2VpIb.s 			page 9


 359 0251 06       		.uleb128 0x6
 360 0252 820A0000 		.4byte	.LASF85
 361 0256 FF       		.byte	0xff
 362 0257 00       		.byte	0
 363 0258 04       		.uleb128 0x4
 364 0259 FA0A0000 		.4byte	.LASF87
 365 025d 03       		.byte	0x3
 366 025e 8901     		.2byte	0x189
 367 0260 6B000000 		.4byte	0x6b
 368 0264 07       		.uleb128 0x7
 369 0265 04       		.byte	0x4
 370 0266 04       		.byte	0x4
 371 0267 3F       		.byte	0x3f
 372 0268 85020000 		.4byte	0x285
 373 026c 08       		.uleb128 0x8
 374 026d 1A090000 		.4byte	.LASF88
 375 0271 04       		.byte	0x4
 376 0272 42       		.byte	0x42
 377 0273 58020000 		.4byte	0x258
 378 0277 00       		.byte	0
 379 0278 08       		.uleb128 0x8
 380 0279 D5010000 		.4byte	.LASF89
 381 027d 04       		.byte	0x4
 382 027e 44       		.byte	0x44
 383 027f 85020000 		.4byte	0x285
 384 0283 02       		.byte	0x2
 385 0284 00       		.byte	0
 386 0285 09       		.uleb128 0x9
 387 0286 58020000 		.4byte	0x258
 388 028a 95020000 		.4byte	0x295
 389 028e 0A       		.uleb128 0xa
 390 028f 93000000 		.4byte	0x93
 391 0293 00       		.byte	0
 392 0294 00       		.byte	0
 393 0295 0B       		.uleb128 0xb
 394 0296 06030000 		.4byte	.LASF90
 395 029a 04       		.byte	0x4
 396 029b 46       		.byte	0x46
 397 029c 64020000 		.4byte	0x264
 398 02a0 07       		.uleb128 0x7
 399 02a1 06       		.byte	0x6
 400 02a2 04       		.byte	0x4
 401 02a3 49       		.byte	0x49
 402 02a4 C1020000 		.4byte	0x2c1
 403 02a8 08       		.uleb128 0x8
 404 02a9 31010000 		.4byte	.LASF91
 405 02ad 04       		.byte	0x4
 406 02ae 4C       		.byte	0x4c
 407 02af 58020000 		.4byte	0x258
 408 02b3 00       		.byte	0
 409 02b4 08       		.uleb128 0x8
 410 02b5 30050000 		.4byte	.LASF92
 411 02b9 04       		.byte	0x4
 412 02ba 4F       		.byte	0x4f
 413 02bb C1020000 		.4byte	0x2c1
 414 02bf 02       		.byte	0x2
 415 02c0 00       		.byte	0
ARM GAS  C:\Users\Admin\AppData\Local\Temp\ccP2VpIb.s 			page 10


 416 02c1 09       		.uleb128 0x9
 417 02c2 95020000 		.4byte	0x295
 418 02c6 D1020000 		.4byte	0x2d1
 419 02ca 0A       		.uleb128 0xa
 420 02cb 93000000 		.4byte	0x93
 421 02cf 00       		.byte	0
 422 02d0 00       		.byte	0
 423 02d1 0B       		.uleb128 0xb
 424 02d2 9E040000 		.4byte	.LASF93
 425 02d6 04       		.byte	0x4
 426 02d7 51       		.byte	0x51
 427 02d8 A0020000 		.4byte	0x2a0
 428 02dc 0C       		.uleb128 0xc
 429 02dd 57010000 		.4byte	.LASF97
 430 02e1 01       		.byte	0x1
 431 02e2 44       		.byte	0x44
 432 02e3 00000000 		.4byte	.LFB2
 433 02e7 0A000000 		.4byte	.LFE2-.LFB2
 434 02eb 01       		.uleb128 0x1
 435 02ec 9C       		.byte	0x9c
 436 02ed 09       		.uleb128 0x9
 437 02ee FD020000 		.4byte	0x2fd
 438 02f2 FD020000 		.4byte	0x2fd
 439 02f6 0A       		.uleb128 0xa
 440 02f7 93000000 		.4byte	0x93
 441 02fb 00       		.byte	0
 442 02fc 00       		.byte	0
 443 02fd 0D       		.uleb128 0xd
 444 02fe D1020000 		.4byte	0x2d1
 445 0302 0E       		.uleb128 0xe
 446 0303 160B0000 		.4byte	.LASF98
 447 0307 01       		.byte	0x1
 448 0308 1A       		.byte	0x1a
 449 0309 13030000 		.4byte	0x313
 450 030d 05       		.uleb128 0x5
 451 030e 03       		.byte	0x3
 452 030f 00000000 		.4byte	cyBle_customs
 453 0313 0D       		.uleb128 0xd
 454 0314 ED020000 		.4byte	0x2ed
 455 0318 00       		.byte	0
 456              		.section	.debug_abbrev,"",%progbits
 457              	.Ldebug_abbrev0:
 458 0000 01       		.uleb128 0x1
 459 0001 11       		.uleb128 0x11
 460 0002 01       		.byte	0x1
 461 0003 25       		.uleb128 0x25
 462 0004 0E       		.uleb128 0xe
 463 0005 13       		.uleb128 0x13
 464 0006 0B       		.uleb128 0xb
 465 0007 03       		.uleb128 0x3
 466 0008 0E       		.uleb128 0xe
 467 0009 1B       		.uleb128 0x1b
 468 000a 0E       		.uleb128 0xe
 469 000b 55       		.uleb128 0x55
 470 000c 17       		.uleb128 0x17
 471 000d 11       		.uleb128 0x11
 472 000e 01       		.uleb128 0x1
ARM GAS  C:\Users\Admin\AppData\Local\Temp\ccP2VpIb.s 			page 11


 473 000f 10       		.uleb128 0x10
 474 0010 17       		.uleb128 0x17
 475 0011 00       		.byte	0
 476 0012 00       		.byte	0
 477 0013 02       		.uleb128 0x2
 478 0014 24       		.uleb128 0x24
 479 0015 00       		.byte	0
 480 0016 0B       		.uleb128 0xb
 481 0017 0B       		.uleb128 0xb
 482 0018 3E       		.uleb128 0x3e
 483 0019 0B       		.uleb128 0xb
 484 001a 03       		.uleb128 0x3
 485 001b 0E       		.uleb128 0xe
 486 001c 00       		.byte	0
 487 001d 00       		.byte	0
 488 001e 03       		.uleb128 0x3
 489 001f 24       		.uleb128 0x24
 490 0020 00       		.byte	0
 491 0021 0B       		.uleb128 0xb
 492 0022 0B       		.uleb128 0xb
 493 0023 3E       		.uleb128 0x3e
 494 0024 0B       		.uleb128 0xb
 495 0025 03       		.uleb128 0x3
 496 0026 08       		.uleb128 0x8
 497 0027 00       		.byte	0
 498 0028 00       		.byte	0
 499 0029 04       		.uleb128 0x4
 500 002a 16       		.uleb128 0x16
 501 002b 00       		.byte	0
 502 002c 03       		.uleb128 0x3
 503 002d 0E       		.uleb128 0xe
 504 002e 3A       		.uleb128 0x3a
 505 002f 0B       		.uleb128 0xb
 506 0030 3B       		.uleb128 0x3b
 507 0031 05       		.uleb128 0x5
 508 0032 49       		.uleb128 0x49
 509 0033 13       		.uleb128 0x13
 510 0034 00       		.byte	0
 511 0035 00       		.byte	0
 512 0036 05       		.uleb128 0x5
 513 0037 04       		.uleb128 0x4
 514 0038 01       		.byte	0x1
 515 0039 0B       		.uleb128 0xb
 516 003a 0B       		.uleb128 0xb
 517 003b 49       		.uleb128 0x49
 518 003c 13       		.uleb128 0x13
 519 003d 3A       		.uleb128 0x3a
 520 003e 0B       		.uleb128 0xb
 521 003f 3B       		.uleb128 0x3b
 522 0040 05       		.uleb128 0x5
 523 0041 01       		.uleb128 0x1
 524 0042 13       		.uleb128 0x13
 525 0043 00       		.byte	0
 526 0044 00       		.byte	0
 527 0045 06       		.uleb128 0x6
 528 0046 28       		.uleb128 0x28
 529 0047 00       		.byte	0
ARM GAS  C:\Users\Admin\AppData\Local\Temp\ccP2VpIb.s 			page 12


 530 0048 03       		.uleb128 0x3
 531 0049 0E       		.uleb128 0xe
 532 004a 1C       		.uleb128 0x1c
 533 004b 0B       		.uleb128 0xb
 534 004c 00       		.byte	0
 535 004d 00       		.byte	0
 536 004e 07       		.uleb128 0x7
 537 004f 13       		.uleb128 0x13
 538 0050 01       		.byte	0x1
 539 0051 0B       		.uleb128 0xb
 540 0052 0B       		.uleb128 0xb
 541 0053 3A       		.uleb128 0x3a
 542 0054 0B       		.uleb128 0xb
 543 0055 3B       		.uleb128 0x3b
 544 0056 0B       		.uleb128 0xb
 545 0057 01       		.uleb128 0x1
 546 0058 13       		.uleb128 0x13
 547 0059 00       		.byte	0
 548 005a 00       		.byte	0
 549 005b 08       		.uleb128 0x8
 550 005c 0D       		.uleb128 0xd
 551 005d 00       		.byte	0
 552 005e 03       		.uleb128 0x3
 553 005f 0E       		.uleb128 0xe
 554 0060 3A       		.uleb128 0x3a
 555 0061 0B       		.uleb128 0xb
 556 0062 3B       		.uleb128 0x3b
 557 0063 0B       		.uleb128 0xb
 558 0064 49       		.uleb128 0x49
 559 0065 13       		.uleb128 0x13
 560 0066 38       		.uleb128 0x38
 561 0067 0B       		.uleb128 0xb
 562 0068 00       		.byte	0
 563 0069 00       		.byte	0
 564 006a 09       		.uleb128 0x9
 565 006b 01       		.uleb128 0x1
 566 006c 01       		.byte	0x1
 567 006d 49       		.uleb128 0x49
 568 006e 13       		.uleb128 0x13
 569 006f 01       		.uleb128 0x1
 570 0070 13       		.uleb128 0x13
 571 0071 00       		.byte	0
 572 0072 00       		.byte	0
 573 0073 0A       		.uleb128 0xa
 574 0074 21       		.uleb128 0x21
 575 0075 00       		.byte	0
 576 0076 49       		.uleb128 0x49
 577 0077 13       		.uleb128 0x13
 578 0078 2F       		.uleb128 0x2f
 579 0079 0B       		.uleb128 0xb
 580 007a 00       		.byte	0
 581 007b 00       		.byte	0
 582 007c 0B       		.uleb128 0xb
 583 007d 16       		.uleb128 0x16
 584 007e 00       		.byte	0
 585 007f 03       		.uleb128 0x3
 586 0080 0E       		.uleb128 0xe
ARM GAS  C:\Users\Admin\AppData\Local\Temp\ccP2VpIb.s 			page 13


 587 0081 3A       		.uleb128 0x3a
 588 0082 0B       		.uleb128 0xb
 589 0083 3B       		.uleb128 0x3b
 590 0084 0B       		.uleb128 0xb
 591 0085 49       		.uleb128 0x49
 592 0086 13       		.uleb128 0x13
 593 0087 00       		.byte	0
 594 0088 00       		.byte	0
 595 0089 0C       		.uleb128 0xc
 596 008a 2E       		.uleb128 0x2e
 597 008b 00       		.byte	0
 598 008c 3F       		.uleb128 0x3f
 599 008d 19       		.uleb128 0x19
 600 008e 03       		.uleb128 0x3
 601 008f 0E       		.uleb128 0xe
 602 0090 3A       		.uleb128 0x3a
 603 0091 0B       		.uleb128 0xb
 604 0092 3B       		.uleb128 0x3b
 605 0093 0B       		.uleb128 0xb
 606 0094 27       		.uleb128 0x27
 607 0095 19       		.uleb128 0x19
 608 0096 11       		.uleb128 0x11
 609 0097 01       		.uleb128 0x1
 610 0098 12       		.uleb128 0x12
 611 0099 06       		.uleb128 0x6
 612 009a 40       		.uleb128 0x40
 613 009b 18       		.uleb128 0x18
 614 009c 9742     		.uleb128 0x2117
 615 009e 19       		.uleb128 0x19
 616 009f 00       		.byte	0
 617 00a0 00       		.byte	0
 618 00a1 0D       		.uleb128 0xd
 619 00a2 26       		.uleb128 0x26
 620 00a3 00       		.byte	0
 621 00a4 49       		.uleb128 0x49
 622 00a5 13       		.uleb128 0x13
 623 00a6 00       		.byte	0
 624 00a7 00       		.byte	0
 625 00a8 0E       		.uleb128 0xe
 626 00a9 34       		.uleb128 0x34
 627 00aa 00       		.byte	0
 628 00ab 03       		.uleb128 0x3
 629 00ac 0E       		.uleb128 0xe
 630 00ad 3A       		.uleb128 0x3a
 631 00ae 0B       		.uleb128 0xb
 632 00af 3B       		.uleb128 0x3b
 633 00b0 0B       		.uleb128 0xb
 634 00b1 49       		.uleb128 0x49
 635 00b2 13       		.uleb128 0x13
 636 00b3 3F       		.uleb128 0x3f
 637 00b4 19       		.uleb128 0x19
 638 00b5 02       		.uleb128 0x2
 639 00b6 18       		.uleb128 0x18
 640 00b7 00       		.byte	0
 641 00b8 00       		.byte	0
 642 00b9 00       		.byte	0
 643              		.section	.debug_aranges,"",%progbits
ARM GAS  C:\Users\Admin\AppData\Local\Temp\ccP2VpIb.s 			page 14


 644 0000 1C000000 		.4byte	0x1c
 645 0004 0200     		.2byte	0x2
 646 0006 00000000 		.4byte	.Ldebug_info0
 647 000a 04       		.byte	0x4
 648 000b 00       		.byte	0
 649 000c 0000     		.2byte	0
 650 000e 0000     		.2byte	0
 651 0010 00000000 		.4byte	.LFB2
 652 0014 0A000000 		.4byte	.LFE2-.LFB2
 653 0018 00000000 		.4byte	0
 654 001c 00000000 		.4byte	0
 655              		.section	.debug_ranges,"",%progbits
 656              	.Ldebug_ranges0:
 657 0000 00000000 		.4byte	.LFB2
 658 0004 0A000000 		.4byte	.LFE2
 659 0008 00000000 		.4byte	0
 660 000c 00000000 		.4byte	0
 661              		.section	.debug_line,"",%progbits
 662              	.Ldebug_line0:
 663 0000 9A000000 		.section	.debug_str,"MS",%progbits,1
 663      02008100 
 663      00000201 
 663      FB0E0D00 
 663      01010101 
 664              	.LASF23:
 665 0000 4359424C 		.ascii	"CYBLE_EVT_GAP_PASSKEY_ENTRY_REQUEST\000"
 665      455F4556 
 665      545F4741 
 665      505F5041 
 665      53534B45 
 666              	.LASF58:
 667 0024 4359424C 		.ascii	"CYBLE_EVT_GATTC_WRITE_RSP\000"
 667      455F4556 
 667      545F4741 
 667      5454435F 
 667      57524954 
 668              	.LASF20:
 669 003e 4359424C 		.ascii	"CYBLE_EVT_MEMORY_REQUEST\000"
 669      455F4556 
 669      545F4D45 
 669      4D4F5259 
 669      5F524551 
 670              	.LASF45:
 671 0057 4359424C 		.ascii	"CYBLE_EVT_GATTC_ERROR_RSP\000"
 671      455F4556 
 671      545F4741 
 671      5454435F 
 671      4552524F 
 672              	.LASF29:
 673 0071 4359424C 		.ascii	"CYBLE_EVT_GAP_DEVICE_DISCONNECTED\000"
 673      455F4556 
 673      545F4741 
 673      505F4445 
 673      56494345 
 674              	.LASF35:
 675 0093 4359424C 		.ascii	"CYBLE_EVT_GAP_KEYPRESS_NOTIFICATION\000"
 675      455F4556 
ARM GAS  C:\Users\Admin\AppData\Local\Temp\ccP2VpIb.s 			page 15


 675      545F4741 
 675      505F4B45 
 675      59505245 
 676              	.LASF2:
 677 00b7 73686F72 		.ascii	"short int\000"
 677      7420696E 
 677      7400
 678              	.LASF26:
 679 00c1 4359424C 		.ascii	"CYBLE_EVT_GAP_AUTH_FAILED\000"
 679      455F4556 
 679      545F4741 
 679      505F4155 
 679      54485F46 
 680              	.LASF47:
 681 00db 4359424C 		.ascii	"CYBLE_EVT_GATT_DISCONNECT_IND\000"
 681      455F4556 
 681      545F4741 
 681      54545F44 
 681      4953434F 
 682              	.LASF13:
 683 00f9 73697A65 		.ascii	"sizetype\000"
 683      74797065 
 683      00
 684              	.LASF37:
 685 0102 4359424C 		.ascii	"CYBLE_EVT_GAP_DATA_LENGTH_CHANGE\000"
 685      455F4556 
 685      545F4741 
 685      505F4441 
 685      54415F4C 
 686              	.LASF6:
 687 0123 6C6F6E67 		.ascii	"long long int\000"
 687      206C6F6E 
 687      6720696E 
 687      7400
 688              	.LASF91:
 689 0131 63757374 		.ascii	"customServHandle\000"
 689      6F6D5365 
 689      72764861 
 689      6E646C65 
 689      00
 690              	.LASF18:
 691 0142 4359424C 		.ascii	"CYBLE_EVT_HCI_STATUS\000"
 691      455F4556 
 691      545F4843 
 691      495F5354 
 691      41545553 
 692              	.LASF97:
 693 0157 4379426C 		.ascii	"CyBle_CustomInit\000"
 693      655F4375 
 693      73746F6D 
 693      496E6974 
 693      00
 694              	.LASF15:
 695 0168 4359424C 		.ascii	"CYBLE_EVT_STACK_ON\000"
 695      455F4556 
 695      545F5354 
 695      41434B5F 
ARM GAS  C:\Users\Admin\AppData\Local\Temp\ccP2VpIb.s 			page 16


 695      4F4E00
 696              	.LASF44:
 697 017b 4359424C 		.ascii	"CYBLE_EVT_GAP_SMP_LOC_P256_KEYS_GEN_AND_SET_COMPLET"
 697      455F4556 
 697      545F4741 
 697      505F534D 
 697      505F4C4F 
 698 01ae 4500     		.ascii	"E\000"
 699              	.LASF48:
 700 01b0 4359424C 		.ascii	"CYBLE_EVT_GATTS_XCNHG_MTU_REQ\000"
 700      455F4556 
 700      545F4741 
 700      5454535F 
 700      58434E48 
 701              	.LASF86:
 702 01ce 75696E74 		.ascii	"uint16\000"
 702      313600
 703              	.LASF89:
 704 01d5 63757374 		.ascii	"customServCharDesc\000"
 704      6F6D5365 
 704      72764368 
 704      61724465 
 704      736300
 705              	.LASF56:
 706 01e8 4359424C 		.ascii	"CYBLE_EVT_GATTC_READ_MULTI_RSP\000"
 706      455F4556 
 706      545F4741 
 706      5454435F 
 706      52454144 
 707              	.LASF65:
 708 0207 4359424C 		.ascii	"CYBLE_EVT_GATTS_HANDLE_VALUE_CNF\000"
 708      455F4556 
 708      545F4741 
 708      5454535F 
 708      48414E44 
 709              	.LASF14:
 710 0228 4359424C 		.ascii	"CYBLE_EVT_HOST_INVALID\000"
 710      455F4556 
 710      545F484F 
 710      53545F49 
 710      4E56414C 
 711              	.LASF95:
 712 023f 47656E65 		.ascii	"Generated_Source\\PSoC4\\BLE_1_custom.c\000"
 712      72617465 
 712      645F536F 
 712      75726365 
 712      5C50536F 
 713              	.LASF76:
 714 0265 4359424C 		.ascii	"CYBLE_EVT_L2CAP_CBFC_DISCONN_CNF\000"
 714      455F4556 
 714      545F4C32 
 714      4341505F 
 714      43424643 
 715              	.LASF9:
 716 0286 666C6F61 		.ascii	"float\000"
 716      7400
 717              	.LASF54:
ARM GAS  C:\Users\Admin\AppData\Local\Temp\ccP2VpIb.s 			page 17


 718 028c 4359424C 		.ascii	"CYBLE_EVT_GATTC_READ_RSP\000"
 718      455F4556 
 718      545F4741 
 718      5454435F 
 718      52454144 
 719              	.LASF34:
 720 02a5 4359424C 		.ascii	"CYBLE_EVT_GAP_NUMERIC_COMPARISON_REQUEST\000"
 720      455F4556 
 720      545F4741 
 720      505F4E55 
 720      4D455249 
 721              	.LASF39:
 722 02ce 4359424C 		.ascii	"CYBLE_EVT_GAPC_DIRECT_ADV_REPORT\000"
 722      455F4556 
 722      545F4741 
 722      50435F44 
 722      49524543 
 723              	.LASF7:
 724 02ef 6C6F6E67 		.ascii	"long long unsigned int\000"
 724      206C6F6E 
 724      6720756E 
 724      7369676E 
 724      65642069 
 725              	.LASF90:
 726 0306 4359424C 		.ascii	"CYBLE_CUSTOMS_INFO_T\000"
 726      455F4355 
 726      53544F4D 
 726      535F494E 
 726      464F5F54 
 727              	.LASF43:
 728 031b 4359424C 		.ascii	"CYBLE_EVT_GAP_AUTH_REQ_REPLY_ERR\000"
 728      455F4556 
 728      545F4741 
 728      505F4155 
 728      54485F52 
 729              	.LASF4:
 730 033c 6C6F6E67 		.ascii	"long int\000"
 730      20696E74 
 730      00
 731              	.LASF64:
 732 0345 4359424C 		.ascii	"CYBLE_EVT_GATTC_HANDLE_VALUE_IND\000"
 732      455F4556 
 732      545F4741 
 732      5454435F 
 732      48414E44 
 733              	.LASF28:
 734 0366 4359424C 		.ascii	"CYBLE_EVT_GAP_DEVICE_CONNECTED\000"
 734      455F4556 
 734      545F4741 
 734      505F4445 
 734      56494345 
 735              	.LASF27:
 736 0385 4359424C 		.ascii	"CYBLE_EVT_GAPP_ADVERTISEMENT_START_STOP\000"
 736      455F4556 
 736      545F4741 
 736      50505F41 
 736      44564552 
ARM GAS  C:\Users\Admin\AppData\Local\Temp\ccP2VpIb.s 			page 18


 737              	.LASF63:
 738 03ad 4359424C 		.ascii	"CYBLE_EVT_GATTC_HANDLE_VALUE_NTF\000"
 738      455F4556 
 738      545F4741 
 738      5454435F 
 738      48414E44 
 739              	.LASF19:
 740 03ce 4359424C 		.ascii	"CYBLE_EVT_STACK_BUSY_STATUS\000"
 740      455F4556 
 740      545F5354 
 740      41434B5F 
 740      42555359 
 741              	.LASF24:
 742 03ea 4359424C 		.ascii	"CYBLE_EVT_GAP_PASSKEY_DISPLAY_REQUEST\000"
 742      455F4556 
 742      545F4741 
 742      505F5041 
 742      53534B45 
 743              	.LASF94:
 744 0410 474E5520 		.ascii	"GNU C11 5.4.1 20160609 (release) [ARM/embedded-5-br"
 744      43313120 
 744      352E342E 
 744      31203230 
 744      31363036 
 745 0443 616E6368 		.ascii	"anch revision 237715] -mcpu=cortex-m0 -mthumb -g -O"
 745      20726576 
 745      6973696F 
 745      6E203233 
 745      37373135 
 746 0476 30202D66 		.ascii	"0 -ffunction-sections -ffat-lto-objects\000"
 746      66756E63 
 746      74696F6E 
 746      2D736563 
 746      74696F6E 
 747              	.LASF93:
 748 049e 4359424C 		.ascii	"CYBLE_CUSTOMS_T\000"
 748      455F4355 
 748      53544F4D 
 748      535F5400 
 749              	.LASF74:
 750 04ae 4359424C 		.ascii	"CYBLE_EVT_L2CAP_CBFC_CONN_CNF\000"
 750      455F4556 
 750      545F4C32 
 750      4341505F 
 750      43424643 
 751              	.LASF38:
 752 04cc 4359424C 		.ascii	"CYBLE_EVT_GAP_ENHANCE_CONN_COMPLETE\000"
 752      455F4556 
 752      545F4741 
 752      505F454E 
 752      48414E43 
 753              	.LASF12:
 754 04f0 6C6F6E67 		.ascii	"long double\000"
 754      20646F75 
 754      626C6500 
 755              	.LASF70:
 756 04fc 4359424C 		.ascii	"CYBLE_EVT_L2CAP_CONN_PARAM_UPDATE_REQ\000"
ARM GAS  C:\Users\Admin\AppData\Local\Temp\ccP2VpIb.s 			page 19


 756      455F4556 
 756      545F4C32 
 756      4341505F 
 756      434F4E4E 
 757              	.LASF1:
 758 0522 756E7369 		.ascii	"unsigned char\000"
 758      676E6564 
 758      20636861 
 758      7200
 759              	.LASF92:
 760 0530 63757374 		.ascii	"customServInfo\000"
 760      6F6D5365 
 760      7276496E 
 760      666F00
 761              	.LASF60:
 762 053f 4359424C 		.ascii	"CYBLE_EVT_GATTS_PREP_WRITE_REQ\000"
 762      455F4556 
 762      545F4741 
 762      5454535F 
 762      50524550 
 763              	.LASF82:
 764 055e 4359424C 		.ascii	"CYBLE_EVT_LE_PING_AUTH_TIMEOUT\000"
 764      455F4556 
 764      545F4C45 
 764      5F50494E 
 764      475F4155 
 765              	.LASF52:
 766 057d 4359424C 		.ascii	"CYBLE_EVT_GATTC_FIND_INFO_RSP\000"
 766      455F4556 
 766      545F4741 
 766      5454435F 
 766      46494E44 
 767              	.LASF0:
 768 059b 7369676E 		.ascii	"signed char\000"
 768      65642063 
 768      68617200 
 769              	.LASF57:
 770 05a7 4359424C 		.ascii	"CYBLE_EVT_GATTS_WRITE_REQ\000"
 770      455F4556 
 770      545F4741 
 770      5454535F 
 770      57524954 
 771              	.LASF53:
 772 05c1 4359424C 		.ascii	"CYBLE_EVT_GATTC_FIND_BY_TYPE_VALUE_RSP\000"
 772      455F4556 
 772      545F4741 
 772      5454435F 
 772      46494E44 
 773              	.LASF25:
 774 05e8 4359424C 		.ascii	"CYBLE_EVT_GAP_AUTH_COMPLETE\000"
 774      455F4556 
 774      545F4741 
 774      505F4155 
 774      54485F43 
 775              	.LASF8:
 776 0604 756E7369 		.ascii	"unsigned int\000"
 776      676E6564 
ARM GAS  C:\Users\Admin\AppData\Local\Temp\ccP2VpIb.s 			page 20


 776      20696E74 
 776      00
 777              	.LASF46:
 778 0611 4359424C 		.ascii	"CYBLE_EVT_GATT_CONNECT_IND\000"
 778      455F4556 
 778      545F4741 
 778      54545F43 
 778      4F4E4E45 
 779              	.LASF5:
 780 062c 6C6F6E67 		.ascii	"long unsigned int\000"
 780      20756E73 
 780      69676E65 
 780      6420696E 
 780      7400
 781              	.LASF22:
 782 063e 4359424C 		.ascii	"CYBLE_EVT_GAP_AUTH_REQ\000"
 782      455F4556 
 782      545F4741 
 782      505F4155 
 782      54485F52 
 783              	.LASF75:
 784 0655 4359424C 		.ascii	"CYBLE_EVT_L2CAP_CBFC_DISCONN_IND\000"
 784      455F4556 
 784      545F4C32 
 784      4341505F 
 784      43424643 
 785              	.LASF30:
 786 0676 4359424C 		.ascii	"CYBLE_EVT_GAP_ENCRYPT_CHANGE\000"
 786      455F4556 
 786      545F4741 
 786      505F454E 
 786      43525950 
 787              	.LASF41:
 788 0693 4359424C 		.ascii	"CYBLE_EVT_GAP_CONN_ESTB\000"
 788      455F4556 
 788      545F4741 
 788      505F434F 
 788      4E4E5F45 
 789              	.LASF69:
 790 06ab 4359424C 		.ascii	"CYBLE_EVT_GATTC_LONG_PROCEDURE_END\000"
 790      455F4556 
 790      545F4741 
 790      5454435F 
 790      4C4F4E47 
 791              	.LASF33:
 792 06ce 4359424C 		.ascii	"CYBLE_EVT_GAP_KEYINFO_EXCHNGE_CMPLT\000"
 792      455F4556 
 792      545F4741 
 792      505F4B45 
 792      59494E46 
 793              	.LASF84:
 794 06f2 4359424C 		.ascii	"CYBLE_EVT_FLASH_CORRUPT\000"
 794      455F4556 
 794      545F464C 
 794      4153485F 
 794      434F5252 
 795              	.LASF31:
ARM GAS  C:\Users\Admin\AppData\Local\Temp\ccP2VpIb.s 			page 21


 796 070a 4359424C 		.ascii	"CYBLE_EVT_GAP_CONNECTION_UPDATE_COMPLETE\000"
 796      455F4556 
 796      545F4741 
 796      505F434F 
 796      4E4E4543 
 797              	.LASF40:
 798 0733 4359424C 		.ascii	"CYBLE_EVT_GAP_SMP_NEGOTIATED_AUTH_INFO\000"
 798      455F4556 
 798      545F4741 
 798      505F534D 
 798      505F4E45 
 799              	.LASF11:
 800 075a 63686172 		.ascii	"char\000"
 800      00
 801              	.LASF72:
 802 075f 4359424C 		.ascii	"CYBLE_EVT_L2CAP_COMMAND_REJ\000"
 802      455F4556 
 802      545F4C32 
 802      4341505F 
 802      434F4D4D 
 803              	.LASF96:
 804 077b 433A5C55 		.ascii	"C:\\Users\\Admin\\Documents\\Keil-WorkSpace\\PSoC4-"
 804      73657273 
 804      5C41646D 
 804      696E5C44 
 804      6F63756D 
 805 07a9 424C452D 		.ascii	"BLE-Aucthentication\\PSoC4-BLE-Authentication\\Auth"
 805      41756374 
 805      68656E74 
 805      69636174 
 805      696F6E5C 
 806 07da 656E7469 		.ascii	"entication- IO Capabilities\\Authentication- IO Cap"
 806      63617469 
 806      6F6E2D20 
 806      494F2043 
 806      61706162 
 807 080c 6162696C 		.ascii	"abilities.cydsn\000"
 807      69746965 
 807      732E6379 
 807      64736E00 
 808              	.LASF21:
 809 081c 4359424C 		.ascii	"CYBLE_EVT_GAPC_SCAN_PROGRESS_RESULT\000"
 809      455F4556 
 809      545F4741 
 809      50435F53 
 809      43414E5F 
 810              	.LASF55:
 811 0840 4359424C 		.ascii	"CYBLE_EVT_GATTC_READ_BLOB_RSP\000"
 811      455F4556 
 811      545F4741 
 811      5454435F 
 811      52454144 
 812              	.LASF3:
 813 085e 73686F72 		.ascii	"short unsigned int\000"
 813      7420756E 
 813      7369676E 
 813      65642069 
ARM GAS  C:\Users\Admin\AppData\Local\Temp\ccP2VpIb.s 			page 22


 813      6E7400
 814              	.LASF62:
 815 0871 4359424C 		.ascii	"CYBLE_EVT_GATTC_EXEC_WRITE_RSP\000"
 815      455F4556 
 815      545F4741 
 815      5454435F 
 815      45584543 
 816              	.LASF32:
 817 0890 4359424C 		.ascii	"CYBLE_EVT_GAPC_SCAN_START_STOP\000"
 817      455F4556 
 817      545F4741 
 817      50435F53 
 817      43414E5F 
 818              	.LASF81:
 819 08af 4359424C 		.ascii	"CYBLE_EVT_PENDING_FLASH_WRITE\000"
 819      455F4556 
 819      545F5045 
 819      4E44494E 
 819      475F464C 
 820              	.LASF78:
 821 08cd 4359424C 		.ascii	"CYBLE_EVT_L2CAP_CBFC_RX_CREDIT_IND\000"
 821      455F4556 
 821      545F4C32 
 821      4341505F 
 821      43424643 
 822              	.LASF10:
 823 08f0 646F7562 		.ascii	"double\000"
 823      6C6500
 824              	.LASF79:
 825 08f7 4359424C 		.ascii	"CYBLE_EVT_L2CAP_CBFC_TX_CREDIT_IND\000"
 825      455F4556 
 825      545F4C32 
 825      4341505F 
 825      43424643 
 826              	.LASF88:
 827 091a 63757374 		.ascii	"customServCharHandle\000"
 827      6F6D5365 
 827      72764368 
 827      61724861 
 827      6E646C65 
 828              	.LASF42:
 829 092f 4359424C 		.ascii	"CYBLE_EVT_GAP_SCAN_REQ_RECVD\000"
 829      455F4556 
 829      545F4741 
 829      505F5343 
 829      414E5F52 
 830              	.LASF17:
 831 094c 4359424C 		.ascii	"CYBLE_EVT_HARDWARE_ERROR\000"
 831      455F4556 
 831      545F4841 
 831      52445741 
 831      52455F45 
 832              	.LASF77:
 833 0965 4359424C 		.ascii	"CYBLE_EVT_L2CAP_CBFC_DATA_READ\000"
 833      455F4556 
 833      545F4C32 
 833      4341505F 
ARM GAS  C:\Users\Admin\AppData\Local\Temp\ccP2VpIb.s 			page 23


 833      43424643 
 834              	.LASF71:
 835 0984 4359424C 		.ascii	"CYBLE_EVT_L2CAP_CONN_PARAM_UPDATE_RSP\000"
 835      455F4556 
 835      545F4C32 
 835      4341505F 
 835      434F4E4E 
 836              	.LASF73:
 837 09aa 4359424C 		.ascii	"CYBLE_EVT_L2CAP_CBFC_CONN_IND\000"
 837      455F4556 
 837      545F4C32 
 837      4341505F 
 837      43424643 
 838              	.LASF50:
 839 09c8 4359424C 		.ascii	"CYBLE_EVT_GATTC_READ_BY_GROUP_TYPE_RSP\000"
 839      455F4556 
 839      545F4741 
 839      5454435F 
 839      52454144 
 840              	.LASF59:
 841 09ef 4359424C 		.ascii	"CYBLE_EVT_GATTS_WRITE_CMD_REQ\000"
 841      455F4556 
 841      545F4741 
 841      5454535F 
 841      57524954 
 842              	.LASF51:
 843 0a0d 4359424C 		.ascii	"CYBLE_EVT_GATTC_READ_BY_TYPE_RSP\000"
 843      455F4556 
 843      545F4741 
 843      5454435F 
 843      52454144 
 844              	.LASF49:
 845 0a2e 4359424C 		.ascii	"CYBLE_EVT_GATTC_XCHNG_MTU_RSP\000"
 845      455F4556 
 845      545F4741 
 845      5454435F 
 845      5843484E 
 846              	.LASF80:
 847 0a4c 4359424C 		.ascii	"CYBLE_EVT_L2CAP_CBFC_DATA_WRITE_IND\000"
 847      455F4556 
 847      545F4C32 
 847      4341505F 
 847      43424643 
 848              	.LASF16:
 849 0a70 4359424C 		.ascii	"CYBLE_EVT_TIMEOUT\000"
 849      455F4556 
 849      545F5449 
 849      4D454F55 
 849      5400
 850              	.LASF85:
 851 0a82 4359424C 		.ascii	"CYBLE_EVT_MAX\000"
 851      455F4556 
 851      545F4D41 
 851      5800
 852              	.LASF68:
 853 0a90 4359424C 		.ascii	"CYBLE_EVT_GATTS_READ_CHAR_VAL_ACCESS_REQ\000"
 853      455F4556 
ARM GAS  C:\Users\Admin\AppData\Local\Temp\ccP2VpIb.s 			page 24


 853      545F4741 
 853      5454535F 
 853      52454144 
 854              	.LASF67:
 855 0ab9 4359424C 		.ascii	"CYBLE_EVT_GATTC_STOP_CMD_COMPLETE\000"
 855      455F4556 
 855      545F4741 
 855      5454435F 
 855      53544F50 
 856              	.LASF61:
 857 0adb 4359424C 		.ascii	"CYBLE_EVT_GATTS_EXEC_WRITE_REQ\000"
 857      455F4556 
 857      545F4741 
 857      5454535F 
 857      45584543 
 858              	.LASF87:
 859 0afa 4359424C 		.ascii	"CYBLE_GATT_DB_ATTR_HANDLE_T\000"
 859      455F4741 
 859      54545F44 
 859      425F4154 
 859      54525F48 
 860              	.LASF98:
 861 0b16 6379426C 		.ascii	"cyBle_customs\000"
 861      655F6375 
 861      73746F6D 
 861      7300
 862              	.LASF66:
 863 0b24 4359424C 		.ascii	"CYBLE_EVT_GATTS_DATA_SIGNED_CMD_REQ\000"
 863      455F4556 
 863      545F4741 
 863      5454535F 
 863      44415441 
 864              	.LASF83:
 865 0b48 4359424C 		.ascii	"CYBLE_EVT_HCI_PKT\000"
 865      455F4556 
 865      545F4843 
 865      495F504B 
 865      5400
 866              	.LASF36:
 867 0b5a 4359424C 		.ascii	"CYBLE_EVT_GAP_OOB_GENERATED_NOTIFICATION\000"
 867      455F4556 
 867      545F4741 
 867      505F4F4F 
 867      425F4745 
 868              		.ident	"GCC: (GNU Tools for ARM Embedded Processors) 5.4.1 20160609 (release) [ARM/embedded-5-bran
