ARM GAS  C:\Users\Admin\AppData\Local\Temp\ccOqECZT.s 			page 1


   1              		.syntax unified
   2              		.cpu cortex-m0
   3              		.fpu softvfp
   4              		.eabi_attribute 20, 1
   5              		.eabi_attribute 21, 1
   6              		.eabi_attribute 23, 3
   7              		.eabi_attribute 24, 1
   8              		.eabi_attribute 25, 1
   9              		.eabi_attribute 26, 1
  10              		.eabi_attribute 30, 6
  11              		.eabi_attribute 34, 0
  12              		.eabi_attribute 18, 4
  13              		.thumb
  14              		.syntax unified
  15              		.file	"common.c"
  16              		.text
  17              	.Ltext0:
  18              		.cfi_sections	.debug_frame
  19              		.section	.text._write,"ax",%progbits
  20              		.align	2
  21              		.global	_write
  22              		.code	16
  23              		.thumb_func
  24              		.type	_write, %function
  25              	_write:
  26              	.LFB36:
  27              		.file 1 "common.c"
   1:common.c      **** /*******************************************************************************
   2:common.c      **** * File Name: debug.c
   3:common.c      **** *
   4:common.c      **** * Version: 1.0
   5:common.c      **** *
   6:common.c      **** * Description:
   7:common.c      **** *  This file contains functions for printf functionality.
   8:common.c      **** *
   9:common.c      **** * Hardware Dependency:
  10:common.c      **** *  CY8CKIT-042 BLE
  11:common.c      **** *
  12:common.c      **** ********************************************************************************
  13:common.c      **** * Copyright 2014, Cypress Semiconductor Corporation.  All rights reserved.
  14:common.c      **** * You may use this file only in accordance with the license, terms, conditions,
  15:common.c      **** * disclaimers, and limitations in the end user license agreement accompanying
  16:common.c      **** * the software package with which this file was provided.
  17:common.c      **** *******************************************************************************/
  18:common.c      **** 
  19:common.c      **** #include <project.h>
  20:common.c      **** #include <stdio.h>
  21:common.c      **** 
  22:common.c      **** 
  23:common.c      **** #if defined(__ARMCC_VERSION)
  24:common.c      **** 
  25:common.c      **** /* For MDK/RVDS compiler revise fputc function for printf functionality */
  26:common.c      **** struct __FILE
  27:common.c      **** {
  28:common.c      ****     int handle;
  29:common.c      **** };
  30:common.c      **** 
ARM GAS  C:\Users\Admin\AppData\Local\Temp\ccOqECZT.s 			page 2


  31:common.c      **** enum
  32:common.c      **** {
  33:common.c      ****     STDIN_HANDLE,
  34:common.c      ****     STDOUT_HANDLE,
  35:common.c      ****     STDERR_HANDLE
  36:common.c      **** };
  37:common.c      **** 
  38:common.c      **** FILE __stdin = {STDIN_HANDLE};
  39:common.c      **** FILE __stdout = {STDOUT_HANDLE};
  40:common.c      **** FILE __stderr = {STDERR_HANDLE};
  41:common.c      **** 
  42:common.c      **** int fputc(int ch, FILE *file)
  43:common.c      **** {
  44:common.c      ****     int ret = EOF;
  45:common.c      **** 
  46:common.c      ****     switch( file->handle )
  47:common.c      ****     {
  48:common.c      ****         case STDOUT_HANDLE:
  49:common.c      ****             UART_DEB_UartPutChar(ch);
  50:common.c      ****             ret = ch ;
  51:common.c      ****             break ;
  52:common.c      **** 
  53:common.c      ****         case STDERR_HANDLE:
  54:common.c      ****             ret = ch ;
  55:common.c      ****             break ;
  56:common.c      **** 
  57:common.c      ****         default:
  58:common.c      ****             file = file;
  59:common.c      ****             break ;
  60:common.c      ****     }
  61:common.c      ****     return ret ;
  62:common.c      **** }
  63:common.c      **** 
  64:common.c      **** #elif defined (__ICCARM__)      /* IAR */
  65:common.c      **** 
  66:common.c      **** /* For IAR compiler revise __write() function for printf functionality */
  67:common.c      **** size_t __write(int handle, const unsigned char * buffer, size_t size)
  68:common.c      **** {
  69:common.c      ****     size_t nChars = 0;
  70:common.c      **** 
  71:common.c      ****     if (buffer == 0)
  72:common.c      ****     {
  73:common.c      ****         /*
  74:common.c      ****          * This means that we should flush internal buffers.  Since we
  75:common.c      ****          * don't we just return.  (Remember, "handle" == -1 means that all
  76:common.c      ****          * handles should be flushed.)
  77:common.c      ****          */
  78:common.c      ****         return (0);
  79:common.c      ****     }
  80:common.c      **** 
  81:common.c      ****     for (/* Empty */; size != 0; --size)
  82:common.c      ****     {
  83:common.c      ****         UART_DEB_UartPutChar(*buffer++);
  84:common.c      ****         ++nChars;
  85:common.c      ****     }
  86:common.c      **** 
  87:common.c      ****     return (nChars);
ARM GAS  C:\Users\Admin\AppData\Local\Temp\ccOqECZT.s 			page 3


  88:common.c      **** }
  89:common.c      **** 
  90:common.c      **** #else  /* (__GNUC__)  GCC */
  91:common.c      **** 
  92:common.c      **** /* For GCC compiler revise _write() function for printf functionality */
  93:common.c      **** int _write(int file, char *ptr, int len)
  94:common.c      **** {
  28              		.loc 1 94 0
  29              		.cfi_startproc
  30              		@ args = 0, pretend = 0, frame = 24
  31              		@ frame_needed = 1, uses_anonymous_args = 0
  32 0000 80B5     		push	{r7, lr}
  33              		.cfi_def_cfa_offset 8
  34              		.cfi_offset 7, -8
  35              		.cfi_offset 14, -4
  36 0002 86B0     		sub	sp, sp, #24
  37              		.cfi_def_cfa_offset 32
  38 0004 00AF     		add	r7, sp, #0
  39              		.cfi_def_cfa_register 7
  40 0006 F860     		str	r0, [r7, #12]
  41 0008 B960     		str	r1, [r7, #8]
  42 000a 7A60     		str	r2, [r7, #4]
  95:common.c      ****     int i;
  96:common.c      ****     file = file;
  97:common.c      ****     for (i = 0; i < len; i++)
  43              		.loc 1 97 0
  44 000c 0023     		movs	r3, #0
  45 000e 7B61     		str	r3, [r7, #20]
  46 0010 09E0     		b	.L2
  47              	.L3:
  98:common.c      ****     {
  99:common.c      ****         UART_UartPutChar(*ptr++);
  48              		.loc 1 99 0 discriminator 3
  49 0012 BB68     		ldr	r3, [r7, #8]
  50 0014 5A1C     		adds	r2, r3, #1
  51 0016 BA60     		str	r2, [r7, #8]
  52 0018 1B78     		ldrb	r3, [r3]
  53 001a 1800     		movs	r0, r3
  54 001c FFF7FEFF 		bl	UART_SpiUartWriteTxData
  97:common.c      ****     {
  55              		.loc 1 97 0 discriminator 3
  56 0020 7B69     		ldr	r3, [r7, #20]
  57 0022 0133     		adds	r3, r3, #1
  58 0024 7B61     		str	r3, [r7, #20]
  59              	.L2:
  97:common.c      ****     {
  60              		.loc 1 97 0 is_stmt 0 discriminator 1
  61 0026 7A69     		ldr	r2, [r7, #20]
  62 0028 7B68     		ldr	r3, [r7, #4]
  63 002a 9A42     		cmp	r2, r3
  64 002c F1DB     		blt	.L3
 100:common.c      ****     }
 101:common.c      ****     return len;
  65              		.loc 1 101 0 is_stmt 1
  66 002e 7B68     		ldr	r3, [r7, #4]
 102:common.c      **** }
  67              		.loc 1 102 0
ARM GAS  C:\Users\Admin\AppData\Local\Temp\ccOqECZT.s 			page 4


  68 0030 1800     		movs	r0, r3
  69 0032 BD46     		mov	sp, r7
  70 0034 06B0     		add	sp, sp, #24
  71              		@ sp needed
  72 0036 80BD     		pop	{r7, pc}
  73              		.cfi_endproc
  74              	.LFE36:
  75              		.size	_write, .-_write
  76              		.text
  77              	.Letext0:
  78              		.file 2 "Generated_Source\\PSoC4/cytypes.h"
  79              		.section	.debug_info,"",%progbits
  80              	.Ldebug_info0:
  81 0000 E9000000 		.4byte	0xe9
  82 0004 0400     		.2byte	0x4
  83 0006 00000000 		.4byte	.Ldebug_abbrev0
  84 000a 04       		.byte	0x4
  85 000b 01       		.uleb128 0x1
  86 000c 5F010000 		.4byte	.LASF15
  87 0010 0C       		.byte	0xc
  88 0011 46010000 		.4byte	.LASF16
  89 0015 8D000000 		.4byte	.LASF17
  90 0019 00000000 		.4byte	.Ldebug_ranges0+0
  91 001d 00000000 		.4byte	0
  92 0021 00000000 		.4byte	.Ldebug_line0
  93 0025 02       		.uleb128 0x2
  94 0026 01       		.byte	0x1
  95 0027 06       		.byte	0x6
  96 0028 2E010000 		.4byte	.LASF0
  97 002c 02       		.uleb128 0x2
  98 002d 01       		.byte	0x1
  99 002e 08       		.byte	0x8
 100 002f 65000000 		.4byte	.LASF1
 101 0033 02       		.uleb128 0x2
 102 0034 02       		.byte	0x2
 103 0035 05       		.byte	0x5
 104 0036 55010000 		.4byte	.LASF2
 105 003a 02       		.uleb128 0x2
 106 003b 02       		.byte	0x2
 107 003c 07       		.byte	0x7
 108 003d 4B000000 		.4byte	.LASF3
 109 0041 02       		.uleb128 0x2
 110 0042 04       		.byte	0x4
 111 0043 05       		.byte	0x5
 112 0044 78000000 		.4byte	.LASF4
 113 0048 02       		.uleb128 0x2
 114 0049 04       		.byte	0x4
 115 004a 07       		.byte	0x7
 116 004b 22000000 		.4byte	.LASF5
 117 004f 02       		.uleb128 0x2
 118 0050 08       		.byte	0x8
 119 0051 05       		.byte	0x5
 120 0052 00000000 		.4byte	.LASF6
 121 0056 02       		.uleb128 0x2
 122 0057 08       		.byte	0x8
 123 0058 07       		.byte	0x7
 124 0059 34000000 		.4byte	.LASF7
ARM GAS  C:\Users\Admin\AppData\Local\Temp\ccOqECZT.s 			page 5


 125 005d 03       		.uleb128 0x3
 126 005e 04       		.byte	0x4
 127 005f 05       		.byte	0x5
 128 0060 696E7400 		.ascii	"int\000"
 129 0064 02       		.uleb128 0x2
 130 0065 04       		.byte	0x4
 131 0066 07       		.byte	0x7
 132 0067 15000000 		.4byte	.LASF8
 133 006b 04       		.uleb128 0x4
 134 006c 0E000000 		.4byte	.LASF18
 135 0070 02       		.byte	0x2
 136 0071 FD01     		.2byte	0x1fd
 137 0073 48000000 		.4byte	0x48
 138 0077 02       		.uleb128 0x2
 139 0078 04       		.byte	0x4
 140 0079 04       		.byte	0x4
 141 007a 4F010000 		.4byte	.LASF9
 142 007e 02       		.uleb128 0x2
 143 007f 08       		.byte	0x8
 144 0080 04       		.byte	0x4
 145 0081 86000000 		.4byte	.LASF10
 146 0085 02       		.uleb128 0x2
 147 0086 01       		.byte	0x1
 148 0087 08       		.byte	0x8
 149 0088 73000000 		.4byte	.LASF11
 150 008c 02       		.uleb128 0x2
 151 008d 08       		.byte	0x8
 152 008e 04       		.byte	0x4
 153 008f 3A010000 		.4byte	.LASF12
 154 0093 02       		.uleb128 0x2
 155 0094 04       		.byte	0x4
 156 0095 07       		.byte	0x7
 157 0096 ED010000 		.4byte	.LASF13
 158 009a 05       		.uleb128 0x5
 159 009b 04       		.byte	0x4
 160 009c 85000000 		.4byte	0x85
 161 00a0 06       		.uleb128 0x6
 162 00a1 5E000000 		.4byte	.LASF19
 163 00a5 01       		.byte	0x1
 164 00a6 5D       		.byte	0x5d
 165 00a7 5D000000 		.4byte	0x5d
 166 00ab 00000000 		.4byte	.LFB36
 167 00af 38000000 		.4byte	.LFE36-.LFB36
 168 00b3 01       		.uleb128 0x1
 169 00b4 9C       		.byte	0x9c
 170 00b5 07       		.uleb128 0x7
 171 00b6 81000000 		.4byte	.LASF14
 172 00ba 01       		.byte	0x1
 173 00bb 5D       		.byte	0x5d
 174 00bc 5D000000 		.4byte	0x5d
 175 00c0 02       		.uleb128 0x2
 176 00c1 91       		.byte	0x91
 177 00c2 6C       		.sleb128 -20
 178 00c3 08       		.uleb128 0x8
 179 00c4 70747200 		.ascii	"ptr\000"
 180 00c8 01       		.byte	0x1
 181 00c9 5D       		.byte	0x5d
ARM GAS  C:\Users\Admin\AppData\Local\Temp\ccOqECZT.s 			page 6


 182 00ca 9A000000 		.4byte	0x9a
 183 00ce 02       		.uleb128 0x2
 184 00cf 91       		.byte	0x91
 185 00d0 68       		.sleb128 -24
 186 00d1 08       		.uleb128 0x8
 187 00d2 6C656E00 		.ascii	"len\000"
 188 00d6 01       		.byte	0x1
 189 00d7 5D       		.byte	0x5d
 190 00d8 5D000000 		.4byte	0x5d
 191 00dc 02       		.uleb128 0x2
 192 00dd 91       		.byte	0x91
 193 00de 64       		.sleb128 -28
 194 00df 09       		.uleb128 0x9
 195 00e0 6900     		.ascii	"i\000"
 196 00e2 01       		.byte	0x1
 197 00e3 5F       		.byte	0x5f
 198 00e4 5D000000 		.4byte	0x5d
 199 00e8 02       		.uleb128 0x2
 200 00e9 91       		.byte	0x91
 201 00ea 74       		.sleb128 -12
 202 00eb 00       		.byte	0
 203 00ec 00       		.byte	0
 204              		.section	.debug_abbrev,"",%progbits
 205              	.Ldebug_abbrev0:
 206 0000 01       		.uleb128 0x1
 207 0001 11       		.uleb128 0x11
 208 0002 01       		.byte	0x1
 209 0003 25       		.uleb128 0x25
 210 0004 0E       		.uleb128 0xe
 211 0005 13       		.uleb128 0x13
 212 0006 0B       		.uleb128 0xb
 213 0007 03       		.uleb128 0x3
 214 0008 0E       		.uleb128 0xe
 215 0009 1B       		.uleb128 0x1b
 216 000a 0E       		.uleb128 0xe
 217 000b 55       		.uleb128 0x55
 218 000c 17       		.uleb128 0x17
 219 000d 11       		.uleb128 0x11
 220 000e 01       		.uleb128 0x1
 221 000f 10       		.uleb128 0x10
 222 0010 17       		.uleb128 0x17
 223 0011 00       		.byte	0
 224 0012 00       		.byte	0
 225 0013 02       		.uleb128 0x2
 226 0014 24       		.uleb128 0x24
 227 0015 00       		.byte	0
 228 0016 0B       		.uleb128 0xb
 229 0017 0B       		.uleb128 0xb
 230 0018 3E       		.uleb128 0x3e
 231 0019 0B       		.uleb128 0xb
 232 001a 03       		.uleb128 0x3
 233 001b 0E       		.uleb128 0xe
 234 001c 00       		.byte	0
 235 001d 00       		.byte	0
 236 001e 03       		.uleb128 0x3
 237 001f 24       		.uleb128 0x24
 238 0020 00       		.byte	0
ARM GAS  C:\Users\Admin\AppData\Local\Temp\ccOqECZT.s 			page 7


 239 0021 0B       		.uleb128 0xb
 240 0022 0B       		.uleb128 0xb
 241 0023 3E       		.uleb128 0x3e
 242 0024 0B       		.uleb128 0xb
 243 0025 03       		.uleb128 0x3
 244 0026 08       		.uleb128 0x8
 245 0027 00       		.byte	0
 246 0028 00       		.byte	0
 247 0029 04       		.uleb128 0x4
 248 002a 16       		.uleb128 0x16
 249 002b 00       		.byte	0
 250 002c 03       		.uleb128 0x3
 251 002d 0E       		.uleb128 0xe
 252 002e 3A       		.uleb128 0x3a
 253 002f 0B       		.uleb128 0xb
 254 0030 3B       		.uleb128 0x3b
 255 0031 05       		.uleb128 0x5
 256 0032 49       		.uleb128 0x49
 257 0033 13       		.uleb128 0x13
 258 0034 00       		.byte	0
 259 0035 00       		.byte	0
 260 0036 05       		.uleb128 0x5
 261 0037 0F       		.uleb128 0xf
 262 0038 00       		.byte	0
 263 0039 0B       		.uleb128 0xb
 264 003a 0B       		.uleb128 0xb
 265 003b 49       		.uleb128 0x49
 266 003c 13       		.uleb128 0x13
 267 003d 00       		.byte	0
 268 003e 00       		.byte	0
 269 003f 06       		.uleb128 0x6
 270 0040 2E       		.uleb128 0x2e
 271 0041 01       		.byte	0x1
 272 0042 3F       		.uleb128 0x3f
 273 0043 19       		.uleb128 0x19
 274 0044 03       		.uleb128 0x3
 275 0045 0E       		.uleb128 0xe
 276 0046 3A       		.uleb128 0x3a
 277 0047 0B       		.uleb128 0xb
 278 0048 3B       		.uleb128 0x3b
 279 0049 0B       		.uleb128 0xb
 280 004a 27       		.uleb128 0x27
 281 004b 19       		.uleb128 0x19
 282 004c 49       		.uleb128 0x49
 283 004d 13       		.uleb128 0x13
 284 004e 11       		.uleb128 0x11
 285 004f 01       		.uleb128 0x1
 286 0050 12       		.uleb128 0x12
 287 0051 06       		.uleb128 0x6
 288 0052 40       		.uleb128 0x40
 289 0053 18       		.uleb128 0x18
 290 0054 9642     		.uleb128 0x2116
 291 0056 19       		.uleb128 0x19
 292 0057 00       		.byte	0
 293 0058 00       		.byte	0
 294 0059 07       		.uleb128 0x7
 295 005a 05       		.uleb128 0x5
ARM GAS  C:\Users\Admin\AppData\Local\Temp\ccOqECZT.s 			page 8


 296 005b 00       		.byte	0
 297 005c 03       		.uleb128 0x3
 298 005d 0E       		.uleb128 0xe
 299 005e 3A       		.uleb128 0x3a
 300 005f 0B       		.uleb128 0xb
 301 0060 3B       		.uleb128 0x3b
 302 0061 0B       		.uleb128 0xb
 303 0062 49       		.uleb128 0x49
 304 0063 13       		.uleb128 0x13
 305 0064 02       		.uleb128 0x2
 306 0065 18       		.uleb128 0x18
 307 0066 00       		.byte	0
 308 0067 00       		.byte	0
 309 0068 08       		.uleb128 0x8
 310 0069 05       		.uleb128 0x5
 311 006a 00       		.byte	0
 312 006b 03       		.uleb128 0x3
 313 006c 08       		.uleb128 0x8
 314 006d 3A       		.uleb128 0x3a
 315 006e 0B       		.uleb128 0xb
 316 006f 3B       		.uleb128 0x3b
 317 0070 0B       		.uleb128 0xb
 318 0071 49       		.uleb128 0x49
 319 0072 13       		.uleb128 0x13
 320 0073 02       		.uleb128 0x2
 321 0074 18       		.uleb128 0x18
 322 0075 00       		.byte	0
 323 0076 00       		.byte	0
 324 0077 09       		.uleb128 0x9
 325 0078 34       		.uleb128 0x34
 326 0079 00       		.byte	0
 327 007a 03       		.uleb128 0x3
 328 007b 08       		.uleb128 0x8
 329 007c 3A       		.uleb128 0x3a
 330 007d 0B       		.uleb128 0xb
 331 007e 3B       		.uleb128 0x3b
 332 007f 0B       		.uleb128 0xb
 333 0080 49       		.uleb128 0x49
 334 0081 13       		.uleb128 0x13
 335 0082 02       		.uleb128 0x2
 336 0083 18       		.uleb128 0x18
 337 0084 00       		.byte	0
 338 0085 00       		.byte	0
 339 0086 00       		.byte	0
 340              		.section	.debug_aranges,"",%progbits
 341 0000 1C000000 		.4byte	0x1c
 342 0004 0200     		.2byte	0x2
 343 0006 00000000 		.4byte	.Ldebug_info0
 344 000a 04       		.byte	0x4
 345 000b 00       		.byte	0
 346 000c 0000     		.2byte	0
 347 000e 0000     		.2byte	0
 348 0010 00000000 		.4byte	.LFB36
 349 0014 38000000 		.4byte	.LFE36-.LFB36
 350 0018 00000000 		.4byte	0
 351 001c 00000000 		.4byte	0
 352              		.section	.debug_ranges,"",%progbits
ARM GAS  C:\Users\Admin\AppData\Local\Temp\ccOqECZT.s 			page 9


 353              	.Ldebug_ranges0:
 354 0000 00000000 		.4byte	.LFB36
 355 0004 38000000 		.4byte	.LFE36
 356 0008 00000000 		.4byte	0
 357 000c 00000000 		.4byte	0
 358              		.section	.debug_line,"",%progbits
 359              	.Ldebug_line0:
 360 0000 6D000000 		.section	.debug_str,"MS",%progbits,1
 360      02004300 
 360      00000201 
 360      FB0E0D00 
 360      01010101 
 361              	.LASF6:
 362 0000 6C6F6E67 		.ascii	"long long int\000"
 362      206C6F6E 
 362      6720696E 
 362      7400
 363              	.LASF18:
 364 000e 75696E74 		.ascii	"uint32\000"
 364      333200
 365              	.LASF8:
 366 0015 756E7369 		.ascii	"unsigned int\000"
 366      676E6564 
 366      20696E74 
 366      00
 367              	.LASF5:
 368 0022 6C6F6E67 		.ascii	"long unsigned int\000"
 368      20756E73 
 368      69676E65 
 368      6420696E 
 368      7400
 369              	.LASF7:
 370 0034 6C6F6E67 		.ascii	"long long unsigned int\000"
 370      206C6F6E 
 370      6720756E 
 370      7369676E 
 370      65642069 
 371              	.LASF3:
 372 004b 73686F72 		.ascii	"short unsigned int\000"
 372      7420756E 
 372      7369676E 
 372      65642069 
 372      6E7400
 373              	.LASF19:
 374 005e 5F777269 		.ascii	"_write\000"
 374      746500
 375              	.LASF1:
 376 0065 756E7369 		.ascii	"unsigned char\000"
 376      676E6564 
 376      20636861 
 376      7200
 377              	.LASF11:
 378 0073 63686172 		.ascii	"char\000"
 378      00
 379              	.LASF4:
 380 0078 6C6F6E67 		.ascii	"long int\000"
 380      20696E74 
ARM GAS  C:\Users\Admin\AppData\Local\Temp\ccOqECZT.s 			page 10


 380      00
 381              	.LASF14:
 382 0081 66696C65 		.ascii	"file\000"
 382      00
 383              	.LASF10:
 384 0086 646F7562 		.ascii	"double\000"
 384      6C6500
 385              	.LASF17:
 386 008d 433A5C55 		.ascii	"C:\\Users\\Admin\\Documents\\Keil-WorkSpace\\PSoC4-"
 386      73657273 
 386      5C41646D 
 386      696E5C44 
 386      6F63756D 
 387 00bb 424C452D 		.ascii	"BLE-Aucthentication\\PSoC4-BLE-Authentication\\Auth"
 387      41756374 
 387      68656E74 
 387      69636174 
 387      696F6E5C 
 388 00ec 656E7469 		.ascii	"entication- IO Capabilities\\Authentication- IO Cap"
 388      63617469 
 388      6F6E2D20 
 388      494F2043 
 388      61706162 
 389 011e 6162696C 		.ascii	"abilities.cydsn\000"
 389      69746965 
 389      732E6379 
 389      64736E00 
 390              	.LASF0:
 391 012e 7369676E 		.ascii	"signed char\000"
 391      65642063 
 391      68617200 
 392              	.LASF12:
 393 013a 6C6F6E67 		.ascii	"long double\000"
 393      20646F75 
 393      626C6500 
 394              	.LASF16:
 395 0146 636F6D6D 		.ascii	"common.c\000"
 395      6F6E2E63 
 395      00
 396              	.LASF9:
 397 014f 666C6F61 		.ascii	"float\000"
 397      7400
 398              	.LASF2:
 399 0155 73686F72 		.ascii	"short int\000"
 399      7420696E 
 399      7400
 400              	.LASF15:
 401 015f 474E5520 		.ascii	"GNU C11 5.4.1 20160609 (release) [ARM/embedded-5-br"
 401      43313120 
 401      352E342E 
 401      31203230 
 401      31363036 
 402 0192 616E6368 		.ascii	"anch revision 237715] -mcpu=cortex-m0 -mthumb -g -O"
 402      20726576 
 402      6973696F 
 402      6E203233 
 402      37373135 
ARM GAS  C:\Users\Admin\AppData\Local\Temp\ccOqECZT.s 			page 11


 403 01c5 30202D66 		.ascii	"0 -ffunction-sections -ffat-lto-objects\000"
 403      66756E63 
 403      74696F6E 
 403      2D736563 
 403      74696F6E 
 404              	.LASF13:
 405 01ed 73697A65 		.ascii	"sizetype\000"
 405      74797065 
 405      00
 406              		.ident	"GCC: (GNU Tools for ARM Embedded Processors) 5.4.1 20160609 (release) [ARM/embedded-5-bran
